[debug] [2021-06-22T21:42:15.986Z] ----------------------------------------------------------------------
[debug] [2021-06-22T21:42:15.989Z] Command:       C:\Program Files\nodejs\node.exe C:\Users\AHLAM\Desktop\Skybox-master\node_modules\firebase-tools\lib\bin\firebase.js deploy
[debug] [2021-06-22T21:42:15.990Z] CLI Version:   9.14.0
[debug] [2021-06-22T21:42:15.990Z] Platform:      win32
[debug] [2021-06-22T21:42:15.990Z] Node Version:  v14.16.1
[debug] [2021-06-22T21:42:15.991Z] Time:          Tue Jun 22 2021 22:42:15 GMT+0100 (UTC+01:00)
[debug] [2021-06-22T21:42:15.991Z] ----------------------------------------------------------------------
[debug] 
[debug] [2021-06-22T21:42:16.000Z] > command requires scopes: ["email","openid","https://www.googleapis.com/auth/cloudplatformprojects.readonly","https://www.googleapis.com/auth/firebase","https://www.googleapis.com/auth/cloud-platform"]
[debug] [2021-06-22T21:42:16.000Z] > authorizing via signed-in user (ahlamboukchouch98@gmail.com)
[debug] [2021-06-22T21:42:16.000Z] [iam] checking project firebox-acddd-a0ef6 for permissions ["cloudfunctions.functions.create","cloudfunctions.functions.delete","cloudfunctions.functions.get","cloudfunctions.functions.list","cloudfunctions.functions.update","cloudfunctions.operations.get","datastore.indexes.create","datastore.indexes.delete","datastore.indexes.list","datastore.indexes.update","firebase.projects.get","firebasedatabase.instances.update","firebasehosting.sites.update"]
[debug] [2021-06-22T21:42:16.002Z] > refreshing access token with scopes: ["email","https://www.googleapis.com/auth/cloud-platform","https://www.googleapis.com/auth/cloudplatformprojects.readonly","https://www.googleapis.com/auth/firebase","openid"]
[debug] [2021-06-22T21:42:16.002Z] >>> HTTP REQUEST POST https://www.googleapis.com/oauth2/v3/token  
 <request body omitted>
[debug] [2021-06-22T21:42:16.245Z] <<< HTTP RESPONSE 200 {"date":"Tue, 22 Jun 2021 21:42:16 GMT","cache-control":"no-cache, no-store, max-age=0, must-revalidate","pragma":"no-cache","expires":"Mon, 01 Jan 1990 00:00:00 GMT","content-type":"application/json; charset=utf-8","vary":"X-Origin, Referer, Origin,Accept-Encoding","server":"scaffolding on HTTPServer2","x-xss-protection":"0","x-frame-options":"SAMEORIGIN","x-content-type-options":"nosniff","alt-svc":"h3=\":443\"; ma=2592000,h3-29=\":443\"; ma=2592000,h3-T051=\":443\"; ma=2592000,h3-Q050=\":443\"; ma=2592000,h3-Q046=\":443\"; ma=2592000,h3-Q043=\":443\"; ma=2592000,quic=\":443\"; ma=2592000; v=\"46,43\"","accept-ranges":"none","transfer-encoding":"chunked"}
[debug] [2021-06-22T21:42:16.281Z] >>> HTTP REQUEST POST https://cloudresourcemanager.googleapis.com/v1/projects/firebox-acddd-a0ef6:testIamPermissions  
 {"permissions":["cloudfunctions.functions.create","cloudfunctions.functions.delete","cloudfunctions.functions.get","cloudfunctions.functions.list","cloudfunctions.functions.update","cloudfunctions.operations.get","datastore.indexes.create","datastore.indexes.delete","datastore.indexes.list","datastore.indexes.update","firebase.projects.get","firebasedatabase.instances.update","firebasehosting.sites.update"]}
[debug] [2021-06-22T21:42:17.213Z] <<< HTTP RESPONSE 200 {"content-type":"application/json; charset=UTF-8","vary":"X-Origin, Referer, Origin,Accept-Encoding","date":"Tue, 22 Jun 2021 21:42:17 GMT","server":"ESF","cache-control":"private","x-xss-protection":"0","x-frame-options":"SAMEORIGIN","x-content-type-options":"nosniff","server-timing":"gfet4t7; dur=606","alt-svc":"h3=\":443\"; ma=2592000,h3-29=\":443\"; ma=2592000,h3-T051=\":443\"; ma=2592000,h3-Q050=\":443\"; ma=2592000,h3-Q046=\":443\"; ma=2592000,h3-Q043=\":443\"; ma=2592000,quic=\":443\"; ma=2592000; v=\"46,43\"","accept-ranges":"none","transfer-encoding":"chunked"}
[debug] [2021-06-22T21:42:17.215Z] >>> HTTP REQUEST POST https://iam.googleapis.com/v1/projects/firebox-acddd-a0ef6/serviceAccounts/firebox-acddd-a0ef6@appspot.gserviceaccount.com:testIamPermissions  
 {"permissions":["iam.serviceAccounts.actAs"]}
[debug] [2021-06-22T21:42:18.032Z] <<< HTTP RESPONSE 404 {"vary":"X-Origin, Referer, Origin,Accept-Encoding","content-type":"application/json; charset=UTF-8","date":"Tue, 22 Jun 2021 21:42:18 GMT","server":"ESF","cache-control":"private","x-xss-protection":"0","x-frame-options":"SAMEORIGIN","x-content-type-options":"nosniff","alt-svc":"h3=\":443\"; ma=2592000,h3-29=\":443\"; ma=2592000,h3-T051=\":443\"; ma=2592000,h3-Q050=\":443\"; ma=2592000,h3-Q046=\":443\"; ma=2592000,h3-Q043=\":443\"; ma=2592000,quic=\":443\"; ma=2592000; v=\"46,43\"","accept-ranges":"none","transfer-encoding":"chunked"}
[debug] [2021-06-22T21:42:18.033Z] <<< HTTP RESPONSE BODY {"error":{"code":404,"message":"Not found; Gaia id not found for email firebox-acddd-a0ef6@appspot.gserviceaccount.com","status":"NOT_FOUND"}}
[debug] [2021-06-22T21:42:18.035Z] [functions] service account IAM check errored, deploy may fail: HTTP Error: 404, Not found; Gaia id not found for email firebox-acddd-a0ef6@appspot.gserviceaccount.com {"name":"FirebaseError","children":[],"context":{"body":{"error":{"code":404,"message":"Not found; Gaia id not found for email firebox-acddd-a0ef6@appspot.gserviceaccount.com","status":"NOT_FOUND"}},"response":{"statusCode":404,"body":{"error":{"code":404,"message":"Not found; Gaia id not found for email firebox-acddd-a0ef6@appspot.gserviceaccount.com","status":"NOT_FOUND"}},"headers":{"vary":"X-Origin, Referer, Origin,Accept-Encoding","content-type":"application/json; charset=UTF-8","date":"Tue, 22 Jun 2021 21:42:18 GMT","server":"ESF","cache-control":"private","x-xss-protection":"0","x-frame-options":"SAMEORIGIN","x-content-type-options":"nosniff","alt-svc":"h3=\":443\"; ma=2592000,h3-29=\":443\"; ma=2592000,h3-T051=\":443\"; ma=2592000,h3-Q050=\":443\"; ma=2592000,h3-Q046=\":443\"; ma=2592000,h3-Q043=\":443\"; ma=2592000,quic=\":443\"; ma=2592000; v=\"46,43\"","accept-ranges":"none","transfer-encoding":"chunked"},"request":{"uri":{"protocol":"https:","slashes":true,"auth":null,"host":"iam.googleapis.com","port":443,"hostname":"iam.googleapis.com","hash":null,"search":null,"query":null,"pathname":"/v1/projects/firebox-acddd-a0ef6/serviceAccounts/firebox-acddd-a0ef6@appspot.gserviceaccount.com:testIamPermissions","path":"/v1/projects/firebox-acddd-a0ef6/serviceAccounts/firebox-acddd-a0ef6@appspot.gserviceaccount.com:testIamPermissions","href":"https://iam.googleapis.com/v1/projects/firebox-acddd-a0ef6/serviceAccounts/firebox-acddd-a0ef6@appspot.gserviceaccount.com:testIamPermissions"},"method":"POST"}}},"exit":1,"message":"HTTP Error: 404, Not found; Gaia id not found for email firebox-acddd-a0ef6@appspot.gserviceaccount.com","status":404}
[debug] [2021-06-22T21:42:18.045Z] > refreshing access token with scopes: []
[debug] [2021-06-22T21:42:18.045Z] >>> HTTP REQUEST POST https://www.googleapis.com/oauth2/v3/token  
 <request body omitted>
[debug] [2021-06-22T21:42:18.248Z] <<< HTTP RESPONSE 200 {"cache-control":"no-cache, no-store, max-age=0, must-revalidate","pragma":"no-cache","expires":"Mon, 01 Jan 1990 00:00:00 GMT","date":"Tue, 22 Jun 2021 21:42:18 GMT","content-type":"application/json; charset=utf-8","vary":"X-Origin, Referer, Origin,Accept-Encoding","server":"scaffolding on HTTPServer2","x-xss-protection":"0","x-frame-options":"SAMEORIGIN","x-content-type-options":"nosniff","alt-svc":"h3=\":443\"; ma=2592000,h3-29=\":443\"; ma=2592000,h3-T051=\":443\"; ma=2592000,h3-Q050=\":443\"; ma=2592000,h3-Q046=\":443\"; ma=2592000,h3-Q043=\":443\"; ma=2592000,quic=\":443\"; ma=2592000; v=\"46,43\"","accept-ranges":"none","transfer-encoding":"chunked"}
[debug] [2021-06-22T21:42:18.285Z] >>> [apiv2][query] GET https://firebase.googleapis.com/v1beta1/projects/firebox-acddd-a0ef6 [none]
[debug] [2021-06-22T21:42:18.654Z] <<< [apiv2][status] GET https://firebase.googleapis.com/v1beta1/projects/firebox-acddd-a0ef6 200
[debug] [2021-06-22T21:42:18.655Z] <<< [apiv2][body] GET https://firebase.googleapis.com/v1beta1/projects/firebox-acddd-a0ef6 {"projectId":"firebox-acddd-a0ef6","projectNumber":"1079233728819","displayName":"firebox-acddd","name":"projects/firebox-acddd-a0ef6","resources":{"hostingSite":"firebox-acddd-a0ef6","realtimeDatabaseInstance":"firebox-acddd-a0ef6-default-rtdb"},"state":"ACTIVE"}
[debug] [2021-06-22T21:42:18.655Z] >>> [apiv2][query] GET https://firebase.googleapis.com/v1beta1/projects/firebox-acddd-a0ef6 [none]
[debug] [2021-06-22T21:42:19.161Z] <<< [apiv2][status] GET https://firebase.googleapis.com/v1beta1/projects/firebox-acddd-a0ef6 200
[debug] [2021-06-22T21:42:19.161Z] <<< [apiv2][body] GET https://firebase.googleapis.com/v1beta1/projects/firebox-acddd-a0ef6 {"projectId":"firebox-acddd-a0ef6","projectNumber":"1079233728819","displayName":"firebox-acddd","name":"projects/firebox-acddd-a0ef6","resources":{"hostingSite":"firebox-acddd-a0ef6","realtimeDatabaseInstance":"firebox-acddd-a0ef6-default-rtdb"},"state":"ACTIVE"}
[info] 
[info] === Deploying to 'firebox-acddd-a0ef6'...
[info] 
[info] i  deploying database, firestore, functions, hosting 
[debug] [2021-06-22T21:42:19.369Z] TypeError [ERR_INVALID_ARG_TYPE]: The "path" argument must be of type string. Received undefined
    at validateString (internal/validators.js:124:11)
    at Object.join (path.js:375:7)
    at Config.path (C:\Users\AHLAM\Desktop\Skybox-master\node_modules\firebase-tools\lib\config.js:113:45)
    at getChildEnvironment (C:\Users\AHLAM\Desktop\Skybox-master\node_modules\firebase-tools\lib\deploy\lifecycleHooks.js:50:49)
    at runTargetCommands (C:\Users\AHLAM\Desktop\Skybox-master\node_modules\firebase-tools\lib\deploy\lifecycleHooks.js:71:14)
    at C:\Users\AHLAM\Desktop\Skybox-master\node_modules\firebase-tools\lib\deploy\lifecycleHooks.js:122:24
    at processTicksAndRejections (internal/process/task_queues.js:93:5)
[error] 
[error] Error: An unexpected error has occurred.
[debug] [2021-06-22T21:52:19.793Z] ----------------------------------------------------------------------
[debug] [2021-06-22T21:52:19.796Z] Command:       C:\Program Files\nodejs\node.exe C:\Users\AHLAM\Desktop\Skybox-master\node_modules\firebase-tools\lib\bin\firebase.js deploy
[debug] [2021-06-22T21:52:19.796Z] CLI Version:   9.14.0
[debug] [2021-06-22T21:52:19.796Z] Platform:      win32
[debug] [2021-06-22T21:52:19.796Z] Node Version:  v14.16.1
[debug] [2021-06-22T21:52:19.797Z] Time:          Tue Jun 22 2021 22:52:19 GMT+0100 (UTC+01:00)
[debug] [2021-06-22T21:52:19.798Z] ----------------------------------------------------------------------
[debug] 
[debug] [2021-06-22T21:52:19.806Z] > command requires scopes: ["email","openid","https://www.googleapis.com/auth/cloudplatformprojects.readonly","https://www.googleapis.com/auth/firebase","https://www.googleapis.com/auth/cloud-platform"]
[debug] [2021-06-22T21:52:19.806Z] > authorizing via signed-in user (ahlamboukchouch98@gmail.com)
[debug] [2021-06-22T21:52:19.806Z] [iam] checking project firebox-acddd-a0ef6 for permissions ["cloudfunctions.functions.create","cloudfunctions.functions.delete","cloudfunctions.functions.get","cloudfunctions.functions.list","cloudfunctions.functions.update","cloudfunctions.operations.get","datastore.indexes.create","datastore.indexes.delete","datastore.indexes.list","datastore.indexes.update","firebase.projects.get","firebasedatabase.instances.update","firebasehosting.sites.update"]
[debug] [2021-06-22T21:52:19.808Z] > refreshing access token with scopes: ["email","https://www.googleapis.com/auth/cloud-platform","https://www.googleapis.com/auth/cloudplatformprojects.readonly","https://www.googleapis.com/auth/firebase","openid"]
[debug] [2021-06-22T21:52:19.809Z] >>> HTTP REQUEST POST https://www.googleapis.com/oauth2/v3/token  
 <request body omitted>
[debug] [2021-06-22T21:52:20.113Z] <<< HTTP RESPONSE 200 {"date":"Tue, 22 Jun 2021 21:52:20 GMT","pragma":"no-cache","expires":"Mon, 01 Jan 1990 00:00:00 GMT","cache-control":"no-cache, no-store, max-age=0, must-revalidate","content-type":"application/json; charset=utf-8","vary":"X-Origin, Referer, Origin,Accept-Encoding","server":"scaffolding on HTTPServer2","x-xss-protection":"0","x-frame-options":"SAMEORIGIN","x-content-type-options":"nosniff","alt-svc":"h3=\":443\"; ma=2592000,h3-29=\":443\"; ma=2592000,h3-T051=\":443\"; ma=2592000,h3-Q050=\":443\"; ma=2592000,h3-Q046=\":443\"; ma=2592000,h3-Q043=\":443\"; ma=2592000,quic=\":443\"; ma=2592000; v=\"46,43\"","accept-ranges":"none","transfer-encoding":"chunked"}
[debug] [2021-06-22T21:52:20.147Z] >>> HTTP REQUEST POST https://cloudresourcemanager.googleapis.com/v1/projects/firebox-acddd-a0ef6:testIamPermissions  
 {"permissions":["cloudfunctions.functions.create","cloudfunctions.functions.delete","cloudfunctions.functions.get","cloudfunctions.functions.list","cloudfunctions.functions.update","cloudfunctions.operations.get","datastore.indexes.create","datastore.indexes.delete","datastore.indexes.list","datastore.indexes.update","firebase.projects.get","firebasedatabase.instances.update","firebasehosting.sites.update"]}
[debug] [2021-06-22T21:52:21.079Z] <<< HTTP RESPONSE 200 {"content-type":"application/json; charset=UTF-8","vary":"X-Origin, Referer, Origin,Accept-Encoding","date":"Tue, 22 Jun 2021 21:52:21 GMT","server":"ESF","cache-control":"private","x-xss-protection":"0","x-frame-options":"SAMEORIGIN","x-content-type-options":"nosniff","server-timing":"gfet4t7; dur=610","alt-svc":"h3=\":443\"; ma=2592000,h3-29=\":443\"; ma=2592000,h3-T051=\":443\"; ma=2592000,h3-Q050=\":443\"; ma=2592000,h3-Q046=\":443\"; ma=2592000,h3-Q043=\":443\"; ma=2592000,quic=\":443\"; ma=2592000; v=\"46,43\"","accept-ranges":"none","transfer-encoding":"chunked"}
[debug] [2021-06-22T21:52:21.080Z] >>> HTTP REQUEST POST https://iam.googleapis.com/v1/projects/firebox-acddd-a0ef6/serviceAccounts/firebox-acddd-a0ef6@appspot.gserviceaccount.com:testIamPermissions  
 {"permissions":["iam.serviceAccounts.actAs"]}
[debug] [2021-06-22T21:52:22.015Z] <<< HTTP RESPONSE 404 {"vary":"X-Origin, Referer, Origin,Accept-Encoding","content-type":"application/json; charset=UTF-8","date":"Tue, 22 Jun 2021 21:52:21 GMT","server":"ESF","cache-control":"private","x-xss-protection":"0","x-frame-options":"SAMEORIGIN","x-content-type-options":"nosniff","alt-svc":"h3=\":443\"; ma=2592000,h3-29=\":443\"; ma=2592000,h3-T051=\":443\"; ma=2592000,h3-Q050=\":443\"; ma=2592000,h3-Q046=\":443\"; ma=2592000,h3-Q043=\":443\"; ma=2592000,quic=\":443\"; ma=2592000; v=\"46,43\"","accept-ranges":"none","transfer-encoding":"chunked"}
[debug] [2021-06-22T21:52:22.016Z] <<< HTTP RESPONSE BODY {"error":{"code":404,"message":"Not found; Gaia id not found for email firebox-acddd-a0ef6@appspot.gserviceaccount.com","status":"NOT_FOUND"}}
[debug] [2021-06-22T21:52:22.019Z] [functions] service account IAM check errored, deploy may fail: HTTP Error: 404, Not found; Gaia id not found for email firebox-acddd-a0ef6@appspot.gserviceaccount.com {"name":"FirebaseError","children":[],"context":{"body":{"error":{"code":404,"message":"Not found; Gaia id not found for email firebox-acddd-a0ef6@appspot.gserviceaccount.com","status":"NOT_FOUND"}},"response":{"statusCode":404,"body":{"error":{"code":404,"message":"Not found; Gaia id not found for email firebox-acddd-a0ef6@appspot.gserviceaccount.com","status":"NOT_FOUND"}},"headers":{"vary":"X-Origin, Referer, Origin,Accept-Encoding","content-type":"application/json; charset=UTF-8","date":"Tue, 22 Jun 2021 21:52:21 GMT","server":"ESF","cache-control":"private","x-xss-protection":"0","x-frame-options":"SAMEORIGIN","x-content-type-options":"nosniff","alt-svc":"h3=\":443\"; ma=2592000,h3-29=\":443\"; ma=2592000,h3-T051=\":443\"; ma=2592000,h3-Q050=\":443\"; ma=2592000,h3-Q046=\":443\"; ma=2592000,h3-Q043=\":443\"; ma=2592000,quic=\":443\"; ma=2592000; v=\"46,43\"","accept-ranges":"none","transfer-encoding":"chunked"},"request":{"uri":{"protocol":"https:","slashes":true,"auth":null,"host":"iam.googleapis.com","port":443,"hostname":"iam.googleapis.com","hash":null,"search":null,"query":null,"pathname":"/v1/projects/firebox-acddd-a0ef6/serviceAccounts/firebox-acddd-a0ef6@appspot.gserviceaccount.com:testIamPermissions","path":"/v1/projects/firebox-acddd-a0ef6/serviceAccounts/firebox-acddd-a0ef6@appspot.gserviceaccount.com:testIamPermissions","href":"https://iam.googleapis.com/v1/projects/firebox-acddd-a0ef6/serviceAccounts/firebox-acddd-a0ef6@appspot.gserviceaccount.com:testIamPermissions"},"method":"POST"}}},"exit":1,"message":"HTTP Error: 404, Not found; Gaia id not found for email firebox-acddd-a0ef6@appspot.gserviceaccount.com","status":404}
[debug] [2021-06-22T21:52:22.037Z] > refreshing access token with scopes: []
[debug] [2021-06-22T21:52:22.037Z] >>> HTTP REQUEST POST https://www.googleapis.com/oauth2/v3/token  
 <request body omitted>
[debug] [2021-06-22T21:52:22.267Z] <<< HTTP RESPONSE 200 {"date":"Tue, 22 Jun 2021 21:52:22 GMT","cache-control":"no-cache, no-store, max-age=0, must-revalidate","expires":"Mon, 01 Jan 1990 00:00:00 GMT","pragma":"no-cache","content-type":"application/json; charset=utf-8","vary":"X-Origin, Referer, Origin,Accept-Encoding","server":"scaffolding on HTTPServer2","x-xss-protection":"0","x-frame-options":"SAMEORIGIN","x-content-type-options":"nosniff","alt-svc":"h3=\":443\"; ma=2592000,h3-29=\":443\"; ma=2592000,h3-T051=\":443\"; ma=2592000,h3-Q050=\":443\"; ma=2592000,h3-Q046=\":443\"; ma=2592000,h3-Q043=\":443\"; ma=2592000,quic=\":443\"; ma=2592000; v=\"46,43\"","accept-ranges":"none","transfer-encoding":"chunked"}
[debug] [2021-06-22T21:52:22.298Z] >>> [apiv2][query] GET https://firebase.googleapis.com/v1beta1/projects/firebox-acddd-a0ef6 [none]
[debug] [2021-06-22T21:52:22.817Z] <<< [apiv2][status] GET https://firebase.googleapis.com/v1beta1/projects/firebox-acddd-a0ef6 200
[debug] [2021-06-22T21:52:22.818Z] <<< [apiv2][body] GET https://firebase.googleapis.com/v1beta1/projects/firebox-acddd-a0ef6 {"projectId":"firebox-acddd-a0ef6","projectNumber":"1079233728819","displayName":"firebox-acddd","name":"projects/firebox-acddd-a0ef6","resources":{"hostingSite":"firebox-acddd-a0ef6","realtimeDatabaseInstance":"firebox-acddd-a0ef6-default-rtdb"},"state":"ACTIVE"}
[debug] [2021-06-22T21:52:22.818Z] >>> [apiv2][query] GET https://firebase.googleapis.com/v1beta1/projects/firebox-acddd-a0ef6 [none]
[debug] [2021-06-22T21:52:23.220Z] <<< [apiv2][status] GET https://firebase.googleapis.com/v1beta1/projects/firebox-acddd-a0ef6 200
[debug] [2021-06-22T21:52:23.220Z] <<< [apiv2][body] GET https://firebase.googleapis.com/v1beta1/projects/firebox-acddd-a0ef6 {"projectId":"firebox-acddd-a0ef6","projectNumber":"1079233728819","displayName":"firebox-acddd","name":"projects/firebox-acddd-a0ef6","resources":{"hostingSite":"firebox-acddd-a0ef6","realtimeDatabaseInstance":"firebox-acddd-a0ef6-default-rtdb"},"state":"ACTIVE"}
[info] 
[info] === Deploying to 'firebox-acddd-a0ef6'...
[info] 
[info] i  deploying database, firestore, functions, hosting 
[debug] [2021-06-22T21:52:23.524Z] TypeError [ERR_INVALID_ARG_TYPE]: The "path" argument must be of type string. Received undefined
    at validateString (internal/validators.js:124:11)
    at Object.join (path.js:375:7)
    at Config.path (C:\Users\AHLAM\Desktop\Skybox-master\node_modules\firebase-tools\lib\config.js:113:45)
    at getChildEnvironment (C:\Users\AHLAM\Desktop\Skybox-master\node_modules\firebase-tools\lib\deploy\lifecycleHooks.js:50:49)
    at runTargetCommands (C:\Users\AHLAM\Desktop\Skybox-master\node_modules\firebase-tools\lib\deploy\lifecycleHooks.js:71:14)
    at C:\Users\AHLAM\Desktop\Skybox-master\node_modules\firebase-tools\lib\deploy\lifecycleHooks.js:122:24
    at processTicksAndRejections (internal/process/task_queues.js:93:5)
[error] 
[error] Error: An unexpected error has occurred.
